p/186_2069_1640617118.248199.png 1 0 0 180 120
p/188_985_1640617119.5275989.png 1 0 0 180 120
p/183_2329_1640617116.311712.png 1 0 0 180 120
p/184_2522_1640617116.9517603.png 1 0 0 180 120
p/185_2483_1640617117.6078515.png 1 0 0 180 120
p/180_1890_1640617114.374271.png 1 0 0 180 120
p/181_2126_1640617115.0323312.png 1 0 0 180 120
p/182_1707_1640617115.671638.png 1 0 0 180 120
p/177_2349_1640617112.4552658.png 1 0 0 180 120
p/178_2069_1640617113.0936937.png 1 0 0 180 120
p/179_1730_1640617113.7367797.png 1 0 0 180 120
p/174_787_1640617110.5187469.png 1 0 0 180 120
p/175_1751_1640617111.1599338.png 1 0 0 180 120
p/176_1637_1640617111.798081.png 1 0 0 180 120
p/171_1957_1640617108.5815494.png 1 0 0 180 120
p/172_2247_1640617109.223923.png 1 0 0 180 120
p/173_1990_1640617109.8789077.png 1 0 0 180 120
p/167_670_1640617106.007755.png 1 0 0 180 120
p/168_1967_1640617106.6465394.png 1 0 0 180 120
p/169_1412_1640617107.3039005.png 1 0 0 180 120
p/170_1917_1640617107.9437563.png 1 0 0 180 120
p/164_585_1640617104.0724175.png 1 0 0 180 120
p/165_2103_1640617104.727816.png 1 0 0 180 120
p/166_1249_1640617105.3660452.png 1 0 0 180 120
p/161_933_1640617102.1537316.png 1 0 0 180 120
p/162_884_1640617102.7900019.png 1 0 0 180 120
p/163_1598_1640617103.4302623.png 1 0 0 180 120
p/158_2162_1640617100.2157784.png 1 0 0 180 120
p/159_1892_1640617100.8546238.png 1 0 0 180 120
p/160_2096_1640617101.4959202.png 1 0 0 180 120
p/155_1150_1640617098.2804267.png 1 0 0 180 120
p/156_1599_1640617098.919772.png 1 0 0 180 120
p/157_1208_1640617099.576081.png 1 0 0 180 120
p/152_2410_1640617096.3437347.png 1 0 0 180 120
p/153_1915_1640617096.999805.png 1 0 0 180 120
p/154_2252_1640617097.638805.png 1 0 0 180 120
p/149_1510_1640617094.422718.png 1 0 0 180 120
p/150_1146_1640617095.0638542.png 1 0 0 180 120
p/151_1382_1640617095.7050095.png 1 0 0 180 120
p/147_1010_1640617093.1282141.png 1 0 0 180 120
p/148_779_1640617093.767803.png 1 0 0 180 120
p/144_1064_1640617090.5524476.png 1 0 0 180 120
p/145_985_1640617091.1921558.png 1 0 0 180 120
p/146_697_1640617091.8478594.png 1 0 0 180 120
p/143_602_1640617089.2725813.png 1 0 0 180 120
p/140_1192_1640617086.0391848.png 1 0 0 180 120
p/141_2567_1640617086.6956823.png 1 0 0 180 120
p/142_1579_1640617087.3369496.png 1 0 0 180 120
p/137_2124_1640617084.1194317.png 1 0 0 180 120
p/138_1700_1640617084.7599792.png 1 0 0 180 120
p/139_2233_1640617085.3996885.png 1 0 0 180 120
p/134_2307_1640617082.1838958.png 1 0 0 180 120
p/135_1895_1640617082.8240495.png 1 0 0 180 120
p/136_905_1640617083.4638186.png 1 0 0 180 120
p/131_1873_1640617080.2479227.png 1 0 0 180 120
p/132_1845_1640617080.888604.png 1 0 0 180 120
p/133_918_1640617081.5440245.png 1 0 0 180 120
p/128_1194_1640617078.3112357.png 1 0 0 180 120
p/129_1949_1640617078.9669492.png 1 0 0 180 120
p/130_2070_1640617079.6079254.png 1 0 0 180 120
p/125_1204_1640617076.392257.png 1 0 0 180 120
p/126_1464_1640617077.0302587.png 1 0 0 180 120
p/127_1175_1640617077.6714652.png 1 0 0 180 120
p/122_1092_1640617074.4558167.png 1 0 0 180 120
p/123_1394_1640617075.095936.png 1 0 0 180 120
p/124_1093_1640617075.735898.png 1 0 0 180 120
p/120_1822_1640617073.1586864.png 1 0 0 180 120
p/121_1444_1640617073.8159018.png 1 0 0 180 120
p/119_634_1640617071.8802063.png 1 0 0 180 120
p/117_878_1640617068.0070982.png 1 0 0 180 120
p/118_1766_1640617068.6479712.png 1 0 0 180 120
p/114_1512_1640617066.0688179.png 1 0 0 180 120
p/115_1180_1640617066.7266595.png 1 0 0 180 120
p/116_1564_1640617067.3668234.png 1 0 0 180 120
p/111_1571_1640617064.1508973.png 1 0 0 180 120
p/112_1558_1640617064.7907052.png 1 0 0 180 120
p/113_1014_1640617065.4302156.png 1 0 0 180 120
p/108_1289_1640617062.2161498.png 1 0 0 180 120
p/109_1530_1640617062.8541417.png 1 0 0 180 120
p/110_1393_1640617063.4949603.png 1 0 0 180 120
p/105_889_1640617060.2788339.png 1 0 0 180 120
p/106_1282_1640617060.9189792.png 1 0 0 180 120
p/107_1554_1640617061.5743036.png 1 0 0 180 120
p/102_1802_1640617058.3431592.png 1 0 0 180 120
p/103_701_1640617058.9991472.png 1 0 0 180 120
p/104_1510_1640617059.6383948.png 1 0 0 180 120
p/100_1434_1640617057.0622983.png 1 0 0 180 120
p/101_1213_1640617057.702614.png 1 0 0 180 120
p/99_1583_1640617056.4218583.png 1 0 0 180 120
p/96_1189_1640617054.4860482.png 1 0 0 180 120
p/97_1393_1640617055.1275873.png 1 0 0 180 120
p/98_1676_1640617055.7661598.png 1 0 0 180 120
p/93_1136_1640617052.5512528.png 1 0 0 180 120
p/94_1347_1640617053.192186.png 1 0 0 180 120
p/95_665_1640617053.847179.png 1 0 0 180 120
p/90_1516_1640617050.6151009.png 1 0 0 180 120
p/91_1499_1640617051.2713985.png 1 0 0 180 120
p/92_822_1640617051.9117322.png 1 0 0 180 120
p/86_1073_1640617048.0381763.png 1 0 0 180 120
p/87_1161_1640617048.680207.png 1 0 0 180 120
p/88_1364_1640617049.336001.png 1 0 0 180 120
p/89_1532_1640617049.975454.png 1 0 0 180 120
p/83_513_1640617046.1031423.png 1 0 0 180 120
p/84_1460_1640617046.7592053.png 1 0 0 180 120
p/85_861_1640617047.3993673.png 1 0 0 180 120
p/81_734_1640617044.8225758.png 1 0 0 180 120
p/82_956_1640617045.4630413.png 1 0 0 180 120
p/80_1244_1640617040.3115687.png 1 0 0 180 120
p/77_752_1640617038.3747993.png 1 0 0 180 120
p/78_855_1640617039.0321097.png 1 0 0 180 120
p/79_643_1640617039.6721592.png 1 0 0 180 120
p/74_678_1640617036.456123.png 1 0 0 180 120
p/75_1277_1640617037.0946085.png 1 0 0 180 120
p/76_1133_1640617037.7356453.png 1 0 0 180 120
p/72_641_1640617035.1591089.png 1 0 0 180 120
p/73_723_1640617035.798107.png 1 0 0 180 120
p/71_874_1640617033.8792572.png 1 0 0 180 120
p/65_1392_1640617030.0080855.png 1 0 0 180 120
p/63_1114_1640617028.7277913.png 1 0 0 180 120
p/64_1098_1640617029.3673525.png 1 0 0 180 120
p/60_1137_1640617026.151462.png 1 0 0 180 120
p/61_958_1640617026.7913165.png 1 0 0 180 120
p/62_1153_1640617027.4315393.png 1 0 0 180 120
p/57_1386_1640617024.215954.png 1 0 0 180 120
p/58_1684_1640617024.8551536.png 1 0 0 180 120
p/59_1373_1640617025.4952736.png 1 0 0 180 120
p/54_842_1640617022.2794197.png 1 0 0 180 120
p/55_1492_1640617022.9203556.png 1 0 0 180 120
p/56_1772_1640617023.5761936.png 1 0 0 180 120
p/51_1683_1640617020.3450844.png 1 0 0 180 120
p/52_1944_1640617020.9994998.png 1 0 0 180 120
p/53_1661_1640617021.6402166.png 1 0 0 180 120
p/48_827_1640617018.423351.png 1 0 0 180 120
p/49_762_1640617019.0641992.png 1 0 0 180 120
p/50_1592_1640617019.7033513.png 1 0 0 180 120
p/45_1278_1640617016.487744.png 1 0 0 180 120
p/46_1249_1640617017.1267483.png 1 0 0 180 120
p/47_1475_1640617017.7663093.png 1 0 0 180 120
p/43_1443_1640617014.5526743.png 1 0 0 180 120
p/44_912_1640617015.84759.png 1 0 0 180 120
p/40_1065_1640617012.6140995.png 1 0 0 180 120
p/41_1328_1640617013.2711017.png 1 0 0 180 120
p/42_1349_1640617013.9121025.png 1 0 0 180 120
p/36_990_1640617010.03938.png 1 0 0 180 120
p/37_779_1640617010.6955838.png 1 0 0 180 120
p/38_1206_1640617011.3359022.png 1 0 0 180 120
p/39_779_1640617011.9738948.png 1 0 0 180 120
p/33_1258_1640617008.118894.png 1 0 0 180 120
p/34_743_1640617008.7593741.png 1 0 0 180 120
p/35_1041_1640617009.399371.png 1 0 0 180 120
p/30_1144_1640617006.1841586.png 1 0 0 180 120
p/31_623_1640617006.823431.png 1 0 0 180 120
p/32_942_1640617007.4634697.png 1 0 0 180 120
p/27_578_1640617004.247189.png 1 0 0 180 120
p/28_778_1640617004.887216.png 1 0 0 180 120
p/29_650_1640617005.5439296.png 1 0 0 180 120
p/25_726_1640617001.0321915.png 1 0 0 180 120
p/26_696_1640617001.6711898.png 1 0 0 180 120
p/22_830_1640616998.4557211.png 1 0 0 180 120
p/23_888_1640616999.0948093.png 1 0 0 180 120
p/24_1051_1640616999.735517.png 1 0 0 180 120
p/19_663_1640616996.5248017.png 1 0 0 180 120
p/20_1341_1640616997.1608016.png 1 0 0 180 120
p/21_713_1640616997.8158917.png 1 0 0 180 120
p/18_770_1640616994.584258.png 1 0 0 180 120
p/15_611_1640616992.0064306.png 1 0 0 180 120
p/16_1019_1640616992.6635118.png 1 0 0 180 120
p/17_1619_1640616993.9435983.png 1 0 0 180 120
p/13_925_1640616990.0703285.png 1 0 0 180 120
p/14_1267_1640616991.3665416.png 1 0 0 180 120
p/10_1008_1640616988.135588.png 1 0 0 180 120
p/11_561_1640616988.7755308.png 1 0 0 180 120
p/12_1130_1640616989.4155498.png 1 0 0 180 120
p/9_1042_1640616987.495744.png 1 0 0 180 120
p/7_591_1640616984.2635684.png 1 0 0 180 120
p/8_521_1640616985.5599487.png 1 0 0 180 120
p/6_643_1640616981.0465097.png 1 0 0 180 120